This file contains any messages produced by compilers while
running configure, to aid debugging if configure makes a mistake.

It was created by robotworld configure 0.2.0, which was
generated by GNU Autoconf 2.71.  Invocation command line was

  $ ./configure --with-cxx=17

## --------- ##
## Platform. ##
## --------- ##

hostname = pc
uname -m = x86_64
uname -r = 5.15.0-82-generic
uname -s = Linux
uname -v = #91~20.04.1-Ubuntu SMP Fri Aug 18 16:24:39 UTC 2023

/usr/bin/uname -p = x86_64
/bin/uname -X     = unknown

/bin/arch              = x86_64
/usr/bin/arch -k       = unknown
/usr/convex/getsysinfo = unknown
/usr/bin/hostinfo      = unknown
/bin/machine           = unknown
/usr/bin/oslevel       = unknown
/bin/universe          = unknown

PATH: /usr/local/sbin/
PATH: /usr/local/bin/
PATH: /usr/sbin/
PATH: /usr/bin/
PATH: /sbin/
PATH: /bin/
PATH: /usr/games/
PATH: /usr/local/games/
PATH: /snap/bin/


## ----------- ##
## Core tests. ##
## ----------- ##

configure:2827: looking for aux files: compile config.guess config.sub ltmain.sh missing install-sh
configure:2840:  trying ././
configure:2869:   ././config.guess found
configure:2869:   ././config.sub found
configure:2869:   ././ltmain.sh found
configure:2851:   ././install-sh found
configure:2893: error: cannot find required auxiliary files: compile missing

## ---------------- ##
## Cache variables. ##
## ---------------- ##

ac_cv_env_BOOST_ROOT_set=
ac_cv_env_BOOST_ROOT_value=
ac_cv_env_CCC_set=
ac_cv_env_CCC_value=
ac_cv_env_CC_set=
ac_cv_env_CC_value=
ac_cv_env_CFLAGS_set=
ac_cv_env_CFLAGS_value=
ac_cv_env_CPPFLAGS_set=
ac_cv_env_CPPFLAGS_value=
ac_cv_env_CXXCPP_set=
ac_cv_env_CXXCPP_value=
ac_cv_env_CXXFLAGS_set=
ac_cv_env_CXXFLAGS_value=
ac_cv_env_CXX_set=
ac_cv_env_CXX_value=
ac_cv_env_LDFLAGS_set=
ac_cv_env_LDFLAGS_value=
ac_cv_env_LIBS_set=
ac_cv_env_LIBS_value=
ac_cv_env_LT_SYS_LIBRARY_PATH_set=
ac_cv_env_LT_SYS_LIBRARY_PATH_value=
ac_cv_env_build_alias_set=
ac_cv_env_build_alias_value=
ac_cv_env_host_alias_set=
ac_cv_env_host_alias_value=
ac_cv_env_target_alias_set=
ac_cv_env_target_alias_value=

## ----------------- ##
## Output variables. ##
## ----------------- ##

ACLOCAL=''
AMDEPBACKSLASH=''
AMDEP_FALSE=''
AMDEP_TRUE=''
AMTAR=''
AM_BACKSLASH=''
AM_CFLAGS=''
AM_CPPFLAGS=''
AM_CXXFLAGS=''
AM_DEFAULT_V=''
AM_DEFAULT_VERBOSITY=''
AM_LDFLAGS=''
AM_LIBTOOLFLAGS=''
AM_V=''
AR=''
AUTOCONF=''
AUTOHEADER=''
AUTOMAKE=''
AWK=''
BEAR=''
BOOST_CHRONO_LDFLAGS=''
BOOST_CHRONO_LDPATH=''
BOOST_CHRONO_LIBS=''
BOOST_CPPFLAGS=''
BOOST_DATE_TIME_LDFLAGS=''
BOOST_DATE_TIME_LDPATH=''
BOOST_DATE_TIME_LIBS=''
BOOST_FILESYSTEM_LDFLAGS=''
BOOST_FILESYSTEM_LDPATH=''
BOOST_FILESYSTEM_LIBS=''
BOOST_LDFLAGS=''
BOOST_LDPATH=''
BOOST_LIBS=''
BOOST_ROOT=''
BOOST_SERIALIZATION_LDFLAGS=''
BOOST_SERIALIZATION_LDPATH=''
BOOST_SERIALIZATION_LIBS=''
BOOST_SYSTEM_LDFLAGS=''
BOOST_SYSTEM_LDPATH=''
BOOST_SYSTEM_LIBS=''
BOOST_THREAD_LDFLAGS=''
BOOST_THREAD_LDPATH=''
BOOST_THREAD_LIBS=''
BOOST_UNIT_TEST_FRAMEWORK_LDFLAGS=''
BOOST_UNIT_TEST_FRAMEWORK_LDPATH=''
BOOST_UNIT_TEST_FRAMEWORK_LIBS=''
CC=''
CCDEPMODE=''
CFLAGS=''
CLANGTIDY=''
COMPILEDB=''
CPPCHECK=''
CPPFLAGS=''
CSCOPE=''
CTAGS=''
CXX=''
CXXCPP=''
CXXDEPMODE=''
CXXFLAGS=''
CYGPATH_W=''
DEFS=''
DEPDIR=''
DISTCHECK_CONFIGURE_FLAGS=''
DLLTOOL=''
DOXYGEN=''
DSYMUTIL=''
DUMPBIN=''
ECHO_C=''
ECHO_N='-n'
ECHO_T=''
EGREP=''
ETAGS=''
EXEEXT=''
FGREP=''
FILECMD=''
GREP=''
HAVE_BEAR_FALSE=''
HAVE_BEAR_TRUE=''
HAVE_CLANGTIDY_FALSE=''
HAVE_CLANGTIDY_TRUE=''
HAVE_COMPILEDB_FALSE=''
HAVE_COMPILEDB_TRUE=''
HAVE_CPPCHECK_FALSE=''
HAVE_CPPCHECK_TRUE=''
HAVE_DOXYGEN_FALSE=''
HAVE_DOXYGEN_TRUE=''
INSTALL_DATA=''
INSTALL_PROGRAM=''
INSTALL_SCRIPT=''
INSTALL_STRIP_PROGRAM=''
LD=''
LDFLAGS=''
LIBOBJS=''
LIBS=''
LIBTOOL=''
LIPO=''
LN_S=''
LTLIBOBJS=''
LT_SYS_LIBRARY_PATH=''
MAKEINFO=''
MANIFEST_TOOL=''
MKDIR_P=''
NM=''
NMEDIT=''
OBJDUMP=''
OBJEXT=''
OTOOL64=''
OTOOL=''
PACKAGE=''
PACKAGE_BUGREPORT='J.Kraaijeveld@askesis.nl'
PACKAGE_NAME='robotworld'
PACKAGE_STRING='robotworld 0.2.0'
PACKAGE_TARNAME='robotworld-0.2.0'
PACKAGE_URL=''
PACKAGE_VERSION='0.2.0'
PATH_SEPARATOR=':'
RANLIB=''
ROBOTWORLD_CFLAGS=''
ROBOTWORLD_CPPFLAGS=''
ROBOTWORLD_CXXFLAGS=''
ROBOTWORLD_LDFLAGS=''
SED=''
SET_MAKE=''
SHELL='/bin/bash'
SOCKET_LIBS=''
STRIP=''
VERSION=''
WX_CFLAGS=''
WX_CFLAGS_ONLY=''
WX_CONFIG_PATH=''
WX_CPPFLAGS=''
WX_CXXFLAGS=''
WX_CXXFLAGS_ONLY=''
WX_LDFLAGS=''
WX_LIBS=''
WX_LIBS_STATIC=''
WX_RESCOMP=''
WX_VERSION=''
WX_VERSION_MAJOR=''
WX_VERSION_MICRO=''
WX_VERSION_MINOR=''
ac_ct_AR=''
ac_ct_CC=''
ac_ct_CXX=''
ac_ct_DUMPBIN=''
am__EXEEXT_FALSE=''
am__EXEEXT_TRUE=''
am__fastdepCC_FALSE=''
am__fastdepCC_TRUE=''
am__fastdepCXX_FALSE=''
am__fastdepCXX_TRUE=''
am__include=''
am__isrc=''
am__leading_dot=''
am__nodep=''
am__quote=''
am__tar=''
am__untar=''
bindir='${exec_prefix}/bin'
build=''
build_alias=''
build_cpu=''
build_os=''
build_vendor=''
datadir='${datarootdir}'
datarootdir='${prefix}/share'
docdir='${datarootdir}/doc/${PACKAGE_TARNAME}'
dvidir='${docdir}'
exec_prefix='NONE'
host=''
host_alias=''
host_cpu=''
host_os=''
host_vendor=''
htmldir='${docdir}'
includedir='${prefix}/include'
infodir='${datarootdir}/info'
install_sh=''
libdir='${exec_prefix}/lib'
libexecdir='${exec_prefix}/libexec'
localedir='${datarootdir}/locale'
localstatedir='${prefix}/var'
mandir='${datarootdir}/man'
mkdir_p=''
oldincludedir='/usr/include'
pdfdir='${docdir}'
prefix='NONE'
program_transform_name='s,x,x,'
psdir='${docdir}'
runstatedir='${localstatedir}/run'
sbindir='${exec_prefix}/sbin'
sharedstatedir='${prefix}/com'
sysconfdir='${prefix}/etc'
target_alias=''

## ----------- ##
## confdefs.h. ##
## ----------- ##

/* confdefs.h */
#define PACKAGE_NAME "robotworld"
#define PACKAGE_TARNAME "robotworld-0.2.0"
#define PACKAGE_VERSION "0.2.0"
#define PACKAGE_STRING "robotworld 0.2.0"
#define PACKAGE_BUGREPORT "J.Kraaijeveld@askesis.nl"
#define PACKAGE_URL ""

configure: exit 1
